<?xml version="1.0" encoding="UTF-8"?>
<!-- Generated by org.testng.reporters.JUnitReportReporter -->
<testsuite skipped="0" hostname="IX8J8MHL3" name="TestRunner.Runner" tests="9" failures="0" timestamp="2022-05-24T17:56:57 IST" time="267.844" errors="0">
  <testcase name="runScenario" time="30.489" classname="TestRunner.Runner"/>
  <system-out/>
  <testcase name="runScenario" time="26.358" classname="TestRunner.Runner"/>
  <system-out/>
  <testcase name="runScenario" time="22.993" classname="TestRunner.Runner"/>
  <system-out/>
  <testcase name="runScenario" time="30.544" classname="TestRunner.Runner"/>
  <system-out/>
  <testcase name="runScenario" time="21.609" classname="TestRunner.Runner"/>
  <system-out/>
  <testcase name="runScenario" time="39.274" classname="TestRunner.Runner"/>
  <system-out/>
  <testcase name="runScenario" time="42.373" classname="TestRunner.Runner"/>
  <system-out/>
  <testcase name="runScenario" time="31.576" classname="TestRunner.Runner"/>
  <system-out/>
  <testcase name="runScenario" time="22.628" classname="TestRunner.Runner"/>
  <system-out/>
</testsuite> <!-- TestRunner.Runner -->
